<?xml version="1.0" encoding="UTF-8"?>
<!-- Generated by org.testng.reporters.JUnitXMLReporter -->
<testsuite hostname="LAPTOP-6QHL3RD4" ignored="0" name="Default test" tests="3" failures="0" timestamp="07 Jun 2019 02:50:31 GMT" time="49.523" errors="0">
  <testcase name="checkLogo" time="3.037" classname="com.class12.BrokenImagesExample"/>
  <testcase name="logo" time="23.091" classname="com.class12.BrokenImagesExample"/>
  <testcase name="logIn" time="6.813" classname="com.class12.BrokenImagesExample"/>
</testsuite> <!-- Default test -->
