<?xml version="1.0" encoding="UTF-8"?>
<testng-results skipped="0" failed="0" ignored="0" total="1" passed="1">
  <reporter-output>
  </reporter-output>
  <suite name="Default suite" duration-ms="25" started-at="2019-05-28T21:44:17Z" finished-at="2019-05-28T21:44:17Z">
    <groups>
    </groups>
    <test name="Default test" duration-ms="25" started-at="2019-05-28T21:44:17Z" finished-at="2019-05-28T21:44:17Z">
      <class name="com.class11.TestNG">
        <test-method status="PASS" signature="sayHello()[pri:0, instance:com.class11.TestNG@6cc4c815]" name="sayHello" duration-ms="7" started-at="2019-05-28T21:44:17Z" finished-at="2019-05-28T21:44:17Z">
          <reporter-output>
          </reporter-output>
        </test-method> <!-- sayHello -->
      </class> <!-- com.class11.TestNG -->
    </test> <!-- Default test -->
  </suite> <!-- Default suite -->
</testng-results>
